2025-07-18 16:20:29,898 DEBUG    root            Loaded Command Group: ['gcloud', 'config']
2025-07-18 16:20:29,908 DEBUG    root            Loaded Command Group: ['gcloud', 'config', 'config_helper']
2025-07-18 16:20:29,911 DEBUG    root            Running [gcloud.config.config-helper] with arguments: [--format: "json", --min-expiry: "1800"]
2025-07-18 16:20:29,930 DEBUG    root            Chosen display Format:default json
2025-07-18 16:20:29,931 INFO     root            Display format: "default json"
2025-07-18 16:20:29,979 INFO     ___FILE_ONLY___ {
  "configuration": {
    "active_configuration": "default",
    "properties": {
      "compute": {
        "region": "us-central1"
      },
      "core": {
        "account": "504527767195-compute@developer.gserviceaccount.com",
        "disable_usage_reporting": "True",
        "project": "formidable-bus-465107-j2"
      },
      "dataproc": {
        "region": "us-central1"
      }
    }
  },
  "credential": {
    "access_token": "ya29.c.c0ASRK0GYZC7Pd-W53atrhYNRwO8a9_p52eE6eIeHL2aH5sojYcWgYEQt0QGOShFIXlvmr6ZzyuQu3iggNh8TX-Otvq5LURaN7NmS-G3g0ETJDK4gRwP_4sUIntZDJXjvtKGsLwZ1qqHE-PlEo2m75ipR6cBHVg0eRXn3lpxBw7lnKJA5Gurus19CXW56ZurslMkbuTv9fQHPQVHvriCAfwH1vt0ii23EcP99DVZ8liVnlE3CP7hW2y8xWr-R32Dowite6nXtdzeYrrMcSODpqlJbIDyHR8r_nSxcnw0dd-amRE4ERK-P-qMWZRIw5ZRywP4PwMOdTk46dHdpOJYtIo-RVAhLiftfbWsWDuq5YX41f4CwAaFIux7NVj1HlpVL-ZO3oZ4AYxbI9zPpdglEN412Kqtvbv1l-emu0du0vvpvIlx2OSJMwB6ouwtMR2OI_g8JzsjybQYb70s13MSm0aZJa6_3gf0qVziU6wvwfx1B-2RrgJXQMo32OZmXrWe0nqooXn-1xcIIB97617ZeXdwzbuOQ2-249Fcp9X47btig67U-bx5go3v4OhuiSJxSjMqdWjYiggpWjogW7t5xq7Q8_-osWcY-0FyQQWzM_mus--w2RWMqJWFkec6uoUJMdWQzMdBQxF_cbWkQgOxYQ144-2dho9p2xgR88nq_2jMsWrqa2QRRt_Qjyi-Fgy3r8Ia_8OiJBbnuwRqXtSR-0IV7XZdxJtr0c5yOgow3qtF_Rztq48_bJiu6xevQ8up40l-MRmFybb8g0Z4ssxnk0_xIWWk6aXUebkUVdy3ehginybnjdxupXvkpo4hJY-Ybctv8unmQ83Z4a68i_fZnQRxVUbiwiue5wIi4Qubc9O2iSiFVM3zmSSSXO0SymlXnRzwdibl5d-YVZZw8pavq-iMkoJp5nWQ1jzIF0fpjjh3OuZlpq-xhIOtnr0m4sIf58ZVkfyS_VU6chMs_770nwJSeqn8bq7r73kJ637Qqgb9h69XUQbXJ7jy6",
    "id_token": "eyJhbGciOiJSUzI1NiIsImtpZCI6ImYxMDMzODYwNzE2ZTNhMmFhYjM4MGYwMGRiZTM5YTcxMTQ4NDZiYTEiLCJ0eXAiOiJKV1QifQ.eyJhdWQiOiIzMjU1NTk0MDU1OS5hcHBzLmdvb2dsZXVzZXJjb250ZW50LmNvbSIsImF6cCI6IjExNjg5MTc0NDYzMzY2MzQyMTQ3MyIsImV4cCI6MTc1Mjg1OTIwNCwiaWF0IjoxNzUyODU1NjA0LCJpc3MiOiJodHRwczovL2FjY291bnRzLmdvb2dsZS5jb20iLCJzdWIiOiIxMTY4OTE3NDQ2MzM2NjM0MjE0NzMifQ.jeqpFUT4J4TOUz31p8de7VoUNIGtHcOTtherpMjnbISOGJHm9cgojJnCH4bthhRPWPad1u4uawp53pvKg4aWNMqTsWmcFTgSuNiyDtJxHYUoUDbk-vMwyRKfm6rpDFObgCWhlvyBulO9QPSc7j_U0xP3jZg5kqBPZtUWD_F2XkIBmU4Fir_BEDRIUMUtom51W2SXyFmh_uO8h_e56jPUPY5elQtyZmZqrVs2JSwtQQf0jQBGLro3Rwa4cnWdwzXWzspZtGDKexE4f6gdJEGtbIKiYQZC0LsWJhhKq2WPGzs22rKQjHnf2z-LXPg5V5Ng44uK-_1qfp-iOEyizUp-cg",
    "token_expiry": "2025-07-18T17:20:03Z"
  },
  "sentinels": {
    "config_sentinel": "/home/jupyter/.config/gcloud/config_sentinel"
  }
}
2025-07-18 16:20:29,980 INFO     ___FILE_ONLY___ 

2025-07-18 16:20:29,980 DEBUG    root            SDK update checks are disabled.
